app/build/intermediates/manifest_merge_blame_file/debug/processDebugMainManifest/manifest-merger-blame-debug-report.txt
1<?xml version="1.0" encoding="utf-8"?>
2<manifest xmlns:android="http://schemas.android.com/apk/res/android"
3    package="com.zynksoftware.documentscannersample"
4    android:versionCode="7"
5    android:versionName="1.1.0" >
6
7    <uses-sdk
8        android:minSdkVersion="21"
9        android:targetSdkVersion="36" />
10
11    <uses-permission android:name="android.permission.WRITE_EXTERNAL_STORAGE" />
11-->src/main/AndroidManifest.xml:5:5-81
11-->src/main/AndroidManifest.xml:5:22-78
12    <uses-permission android:name="android.permission.READ_EXTERNAL_STORAGE" />
12-->src/main/AndroidManifest.xml:6:5-79
12-->src/main/AndroidManifest.xml:6:22-77
13    <uses-permission android:name="android.permission.READ_MEDIA_IMAGES" />
13-->src/main/AndroidManifest.xml:7:5-75
13-->src/main/AndroidManifest.xml:7:22-73
14    <uses-permission android:name="android.permission.ACCESS_MEDIA_LOCATION" />
14-->src/main/AndroidManifest.xml:8:5-79
14-->src/main/AndroidManifest.xml:8:22-77
15
16    <uses-feature
16-->[:DocumentScanner] AndroidManifest.xml:8:5-10:36
17        android:name="android.hardware.camera2"
17-->[:DocumentScanner] AndroidManifest.xml:9:9-48
18        android:required="false" />
18-->[:DocumentScanner] AndroidManifest.xml:10:9-33
19
20    <uses-permission android:name="android.permission.CAMERA" />
20-->[:DocumentScanner] AndroidManifest.xml:12:5-65
20-->[:DocumentScanner] AndroidManifest.xml:12:22-62
21
22    <application
22-->src/main/AndroidManifest.xml:10:5-32:19
23        android:name="com.zynksoftware.documentscannersample.BaseApp"
23-->src/main/AndroidManifest.xml:16:9-32
24        android:allowBackup="true"
24-->src/main/AndroidManifest.xml:11:9-35
25        android:appComponentFactory="androidx.core.app.CoreComponentFactory"
25-->[androidx.core:core:1.6.0] AndroidManifest.xml:24:18-86
26        android:debuggable="true"
27        android:extractNativeLibs="true"
28        android:hardwareAccelerated="true"
28-->[:DocumentScanner] AndroidManifest.xml:20:9-43
29        android:icon="@mipmap/ic_launcher"
29-->src/main/AndroidManifest.xml:12:9-43
30        android:label="@string/app_name"
30-->src/main/AndroidManifest.xml:13:9-41
31        android:largeHeap="true"
31-->[:DocumentScanner] AndroidManifest.xml:21:9-33
32        android:requestLegacyExternalStorage="true"
32-->[:DocumentScanner] AndroidManifest.xml:22:9-52
33        android:roundIcon="@mipmap/ic_launcher_round"
33-->src/main/AndroidManifest.xml:14:9-54
34        android:supportsRtl="true"
34-->src/main/AndroidManifest.xml:15:9-35
35        android:testOnly="true"
36        android:theme="@style/AppTheme" >
36-->src/main/AndroidManifest.xml:17:9-40
37        <activity
37-->src/main/AndroidManifest.xml:18:9-25:20
38            android:name="com.zynksoftware.documentscannersample.MainActivity"
38-->src/main/AndroidManifest.xml:18:19-47
39            android:exported="true" >
39-->src/main/AndroidManifest.xml:19:13-36
40            <intent-filter>
40-->src/main/AndroidManifest.xml:20:13-24:29
41                <action android:name="android.intent.action.MAIN" />
41-->src/main/AndroidManifest.xml:21:17-69
41-->src/main/AndroidManifest.xml:21:25-66
42
43                <category android:name="android.intent.category.LAUNCHER" />
43-->src/main/AndroidManifest.xml:23:17-77
43-->src/main/AndroidManifest.xml:23:27-74
44            </intent-filter>
45        </activity>
46        <activity
46-->src/main/AndroidManifest.xml:27:9-30:66
47            android:name="com.zynksoftware.documentscannersample.AppScanActivity"
47-->src/main/AndroidManifest.xml:27:19-50
48            android:exported="false"
48-->src/main/AndroidManifest.xml:28:13-37
49            android:screenOrientation="portrait"
49-->src/main/AndroidManifest.xml:29:13-49
50            android:theme="@style/Theme.AppCompat.NoActionBar" />
50-->src/main/AndroidManifest.xml:30:13-63
51        <activity
51-->[:DocumentScanner] AndroidManifest.xml:24:9-27:52
52            android:name="com.zynksoftware.documentscanner.ui.scan.InternalScanActivity"
52-->[:DocumentScanner] AndroidManifest.xml:25:13-89
53            android:exported="false"
53-->[:DocumentScanner] AndroidManifest.xml:26:13-37
54            android:theme="@style/ActivityTheme" />
54-->[:DocumentScanner] AndroidManifest.xml:27:13-49
55        <activity
55-->[:DocumentScanner] AndroidManifest.xml:28:9-31:52
56            android:name="com.zynksoftware.documentscanner.ScanActivity"
56-->[:DocumentScanner] AndroidManifest.xml:29:13-73
57            android:exported="false"
57-->[:DocumentScanner] AndroidManifest.xml:30:13-37
58            android:theme="@style/ActivityTheme" />
58-->[:DocumentScanner] AndroidManifest.xml:31:13-49
59
60        <service
60-->[androidx.camera:camera-camera2:1.2.3] AndroidManifest.xml:24:9-33:19
61            android:name="androidx.camera.core.impl.MetadataHolderService"
61-->[androidx.camera:camera-camera2:1.2.3] AndroidManifest.xml:25:13-75
62            android:enabled="false"
62-->[androidx.camera:camera-camera2:1.2.3] AndroidManifest.xml:26:13-36
63            android:exported="false" >
63-->[androidx.camera:camera-camera2:1.2.3] AndroidManifest.xml:27:13-37
64            <meta-data
64-->[androidx.camera:camera-camera2:1.2.3] AndroidManifest.xml:30:13-32:89
65                android:name="androidx.camera.core.impl.MetadataHolderService.DEFAULT_CONFIG_PROVIDER"
65-->[androidx.camera:camera-camera2:1.2.3] AndroidManifest.xml:31:17-103
66                android:value="androidx.camera.camera2.Camera2Config$DefaultProvider" />
66-->[androidx.camera:camera-camera2:1.2.3] AndroidManifest.xml:32:17-86
67        </service>
68    </application>
69
70</manifest>